# JRE version: OpenJDK Runtime Environment (8.0_242-b01) (build 1.8.0_242-release-1644-b01)
# Java VM: OpenJDK 64-Bit Server VM (25.242-b01 mixed mode windows-amd64 compressed oops)
Heap:
 PSYoungGen      total 340992K, used 9449K [0x00000000d5580000, 0x00000000ed400000, 0x0000000100000000)
  eden space 305664K, 3% used [0x00000000d5580000,0x00000000d5eba620,0x00000000e8000000)
  from space 35328K, 0% used [0x00000000e8000000,0x00000000e8000000,0x00000000ea280000)
  to   space 33792K, 0% used [0x00000000eb300000,0x00000000eb300000,0x00000000ed400000)
 ParOldGen       total 143360K, used 39711K [0x0000000080000000, 0x0000000088c00000, 0x00000000d5580000)
  object space 143360K, 27% used [0x0000000080000000,0x00000000826c7fe8,0x0000000088c00000)
 Metaspace       used 92938K, capacity 97148K, committed 99096K, reserved 1134592K
  class space    used 12412K, capacity 13208K, committed 13616K, reserved 1048576K
GC Heap History (10 events):
Event: 31.899 GC heap before
{Heap before GC invocations=15 (full 3):
 PSYoungGen      total 240128K, used 224768K [0x00000000d5580000, 0x00000000e9a00000, 0x0000000100000000)
  eden space 224768K, 100% used [0x00000000d5580000,0x00000000e3100000,0x00000000e3100000)
  from space 15360K, 0% used [0x00000000e3100000,0x00000000e3100000,0x00000000e4000000)
  to   space 20992K, 0% used [0x00000000e8580000,0x00000000e8580000,0x00000000e9a00000)
 ParOldGen       total 107520K, used 37827K [0x0000000080000000, 0x0000000086900000, 0x00000000d5580000)
  object space 107520K, 35% used [0x0000000080000000,0x00000000824f0ec8,0x0000000086900000)
 Metaspace       used 66298K, capacity 69230K, committed 69528K, reserved 1110016K
  class space    used 9079K, capacity 9636K, committed 9648K, reserved 1048576K
Event: 31.950 GC heap after
Heap after GC invocations=15 (full 3):
 PSYoungGen      total 292864K, used 20333K [0x00000000d5580000, 0x00000000e9980000, 0x0000000100000000)
  eden space 272384K, 0% used [0x00000000d5580000,0x00000000d5580000,0x00000000e5f80000)
  from space 20480K, 99% used [0x00000000e8580000,0x00000000e995b5a8,0x00000000e9980000)
  to   space 24064K, 0% used [0x00000000e6a80000,0x00000000e6a80000,0x00000000e8200000)
 ParOldGen       total 107520K, used 37835K [0x0000000080000000, 0x0000000086900000, 0x00000000d5580000)
  object space 107520K, 35% used [0x0000000080000000,0x00000000824f2ec8,0x0000000086900000)
 Metaspace       used 66298K, capacity 69230K, committed 69528K, reserved 1110016K
  class space    used 9079K, capacity 9636K, committed 9648K, reserved 1048576K
}
Event: 410.635 GC heap before
{Heap before GC invocations=16 (full 3):
 PSYoungGen      total 292864K, used 292717K [0x00000000d5580000, 0x00000000e9980000, 0x0000000100000000)
  eden space 272384K, 100% used [0x00000000d5580000,0x00000000e5f80000,0x00000000e5f80000)
  from space 20480K, 99% used [0x00000000e8580000,0x00000000e995b5a8,0x00000000e9980000)
  to   space 24064K, 0% used [0x00000000e6a80000,0x00000000e6a80000,0x00000000e8200000)
 ParOldGen       total 107520K, used 37835K [0x0000000080000000, 0x0000000086900000, 0x00000000d5580000)
  object space 107520K, 35% used [0x0000000080000000,0x00000000824f2ec8,0x0000000086900000)
 Metaspace       used 76549K, capacity 80008K, committed 80280K, reserved 1118208K
  class space    used 10178K, capacity 10827K, committed 10928K, reserved 1048576K
Event: 410.735 GC heap after
Heap after GC invocations=16 (full 3):
 PSYoungGen      total 307712K, used 24045K [0x00000000d5580000, 0x00000000ed100000, 0x0000000100000000)
  eden space 283648K, 0% used [0x00000000d5580000,0x00000000d5580000,0x00000000e6a80000)
  from space 24064K, 99% used [0x00000000e6a80000,0x00000000e81fb4f0,0x00000000e8200000)
  to   space 34304K, 0% used [0x00000000eaf80000,0x00000000eaf80000,0x00000000ed100000)
 ParOldGen       total 107520K, used 54525K [0x0000000080000000, 0x0000000086900000, 0x00000000d5580000)
  object space 107520K, 50% used [0x0000000080000000,0x000000008353f548,0x0000000086900000)
 Metaspace       used 76549K, capacity 80008K, committed 80280K, reserved 1118208K
  class space    used 10178K, capacity 10827K, committed 10928K, reserved 1048576K
}
Event: 2913.427 GC heap before
{Heap before GC invocations=17 (full 3):
 PSYoungGen      total 307712K, used 307693K [0x00000000d5580000, 0x00000000ed100000, 0x0000000100000000)
  eden space 283648K, 100% used [0x00000000d5580000,0x00000000e6a80000,0x00000000e6a80000)
  from space 24064K, 99% used [0x00000000e6a80000,0x00000000e81fb4f0,0x00000000e8200000)
  to   space 34304K, 0% used [0x00000000eaf80000,0x00000000eaf80000,0x00000000ed100000)
 ParOldGen       total 107520K, used 54525K [0x0000000080000000, 0x0000000086900000, 0x00000000d5580000)
  object space 107520K, 50% used [0x0000000080000000,0x000000008353f548,0x0000000086900000)
 Metaspace       used 92447K, capacity 97562K, committed 97688K, reserved 1134592K
  class space    used 12416K, capacity 13384K, committed 13488K, reserved 1048576K
Event: 2913.608 GC heap after
Heap after GC invocations=17 (full 3):
 PSYoungGen      total 294400K, used 21914K [0x00000000d5580000, 0x00000000ec500000, 0x0000000100000000)
  eden space 272384K, 0% used [0x00000000d5580000,0x00000000d5580000,0x00000000e5f80000)
  from space 22016K, 99% used [0x00000000eaf80000,0x00000000ec4e6bc8,0x00000000ec500000)
  to   space 35328K, 0% used [0x00000000e8000000,0x00000000e8000000,0x00000000ea280000)
 ParOldGen       total 107520K, used 77308K [0x0000000080000000, 0x0000000086900000, 0x00000000d5580000)
  object space 107520K, 71% used [0x0000000080000000,0x0000000084b7f330,0x0000000086900000)
 Metaspace       used 92447K, capacity 97562K, committed 97688K, reserved 1134592K
  class space    used 12416K, capacity 13384K, committed 13488K, reserved 1048576K
}
Event: 2914.775 GC heap before
{Heap before GC invocations=18 (full 3):
 PSYoungGen      total 294400K, used 37477K [0x00000000d5580000, 0x00000000ec500000, 0x0000000100000000)
  eden space 272384K, 5% used [0x00000000d5580000,0x00000000d64b2b20,0x00000000e5f80000)
  from space 22016K, 99% used [0x00000000eaf80000,0x00000000ec4e6bc8,0x00000000ec500000)
  to   space 35328K, 0% used [0x00000000e8000000,0x00000000e8000000,0x00000000ea280000)
 ParOldGen       total 107520K, used 77308K [0x0000000080000000, 0x0000000086900000, 0x00000000d5580000)
  object space 107520K, 71% used [0x0000000080000000,0x0000000084b7f330,0x0000000086900000)
 Metaspace       used 93264K, capacity 98450K, committed 98584K, reserved 1134592K
  class space    used 12539K, capacity 13532K, committed 13616K, reserved 1048576K
Event: 2914.803 GC heap after
Heap after GC invocations=18 (full 3):
 PSYoungGen      total 340992K, used 10437K [0x00000000d5580000, 0x00000000ed400000, 0x0000000100000000)
  eden space 305664K, 0% used [0x00000000d5580000,0x00000000d5580000,0x00000000e8000000)
  from space 35328K, 29% used [0x00000000e8000000,0x00000000e8a31428,0x00000000ea280000)
  to   space 33792K, 0% used [0x00000000eb300000,0x00000000eb300000,0x00000000ed400000)
 ParOldGen       total 107520K, used 77316K [0x0000000080000000, 0x0000000086900000, 0x00000000d5580000)
  object space 107520K, 71% used [0x0000000080000000,0x0000000084b81330,0x0000000086900000)
 Metaspace       used 93264K, capacity 98450K, committed 98584K, reserved 1134592K
  class space    used 12539K, capacity 13532K, committed 13616K, reserved 1048576K
}
Event: 2914.803 GC heap before
{Heap before GC invocations=19 (full 4):
 PSYoungGen      total 340992K, used 10437K [0x00000000d5580000, 0x00000000ed400000, 0x0000000100000000)
  eden space 305664K, 0% used [0x00000000d5580000,0x00000000d5580000,0x00000000e8000000)
  from space 35328K, 29% used [0x00000000e8000000,0x00000000e8a31428,0x00000000ea280000)
  to   space 33792K, 0% used [0x00000000eb300000,0x00000000eb300000,0x00000000ed400000)
 ParOldGen       total 107520K, used 77316K [0x0000000080000000, 0x0000000086900000, 0x00000000d5580000)
  object space 107520K, 71% used [0x0000000080000000,0x0000000084b81330,0x0000000086900000)
 Metaspace       used 93264K, capacity 98450K, committed 98584K, reserved 1134592K
  class space    used 12539K, capacity 13532K, committed 13616K, reserved 1048576K
Event: 2915.277 GC heap after
Heap after GC invocations=19 (full 4):
 PSYoungGen      total 340992K, used 0K [0x00000000d5580000, 0x00000000ed400000, 0x0000000100000000)
  eden space 305664K, 0% used [0x00000000d5580000,0x00000000d5580000,0x00000000e8000000)
  from space 35328K, 0% used [0x00000000e8000000,0x00000000e8000000,0x00000000ea280000)
  to   space 33792K, 0% used [0x00000000eb300000,0x00000000eb300000,0x00000000ed400000)
 ParOldGen       total 143360K, used 39711K [0x0000000080000000, 0x0000000088c00000, 0x00000000d5580000)
  object space 143360K, 27% used [0x0000000080000000,0x00000000826c7fe8,0x0000000088c00000)
 Metaspace       used 92213K, capacity 96420K, committed 98584K, reserved 1134592K
  class space    used 12327K, capacity 13140K, committed 13616K, reserved 1048576K
}

